990b41b569e934571df1a37abba48481656e748c false - merge
378ac4d54ffd032e9268f1c203a55bb5b48ca13c false - merge
aa5866851e0bac1f8c5699c7c909cd35143b521e false - merge
d9416c1e9398df6c59d09bf194dafd766ccce27a false - merge
3e9d58df7df6a7976a497582e3ea9aad4274defa false - merge
399876f56b109d24de6dd9ff6cc6bbac5ead5576 false - merge
45e0546cf51392ee37bbbeed679a7e9a39e833bc false - merge
80f0af17b683f9194f9de3dd31d45023acb0d919 false - merge
62479c810b92cb11a1ce04d975e0a758964e73a1 false - merge
3031ae33afb336800c6a92ffedb46ae1ab90e48a false - merge
61dad2ea11254e1baeb12ca8d28a3703f0c56eca false - merge
d7242252fe3da12e293a9dc5b985d597274cf341 false - merge
a2f21cd2a867aa6e223ee686512e9217c2ce02c7 false - merge
760ca322eebc99fbfa89adb3b246659bd58ff0ac false - merge
061a9fc9197bdc6dd7a9226307db1422f3c9f2a7 false - merge
1fa43d32b45a6fd6b01ef859a5a215574cdd45db false - merge
50b9a0a9f0e4115680afd0b55c2fe0406f54978b false - merge
e02c83ea49da6b545967dc3bfc663e8108ff7795 false - merge
5fbb4e309020f6882ac0b9a50a25dee10e185412 false - merge
6f031eff4b5baba1909125835a8bdd116e9ff4cb false - merge
e0ec28bdd9481fe8cdbcabe1dbb6b18873781fa4 false - merge
4a8405fce0ddaaa88b9805e5f2ad76054c517ecb false - merge
e6e710348528c9cfce0ed51fc265db9ac02bd8e4 false - merge
5bbcba2cd35ec9f43ec415b095ec0e06c6d54972 false - merge
e30d1a0bf812303c980e2b0bf080aa4e3b4baf6d false - merge
8c0fbdb3e6cd5a2b34d0c481a5e908a4e25ec0a0 false - merge
d98b407871397f242b2afa974ece6d88fe7b5233 false - merge
6abbaac4b6ef0e4c0f5b3dee63614fcd63cc31b9 false - merge
73efde936a14032e9c44e98fb1bce5f93732e0e8 false - merge
ae7cc042c1957173c6ce7ec6a8b7699b02a5466c false - merge
7d16d4740deebb6e2d91f0a40f1c81dacc858edd false - merge
9a010225027932a5c0c55e1b5920d9372749f4b5 false - merge
d2cf50052ba53fa3a5ead4eb5abe6f38b9449341 false - merge
78955d65bda2af1a79ba477d79c5469924835b52 false - merge
4d0d296fa3f65208be775900111210f06257e707 false - merge
663f5db3f72880e0a790fbf1e4b4c72a04ea2391 false - merge
8463d13f4b82c580b224d81930f519acd14fef56 false - merge
f0742b64feafc16ac474cf6f4a4d9a395a1b2d12 false - merge
dd9739bfe06fc05b5b95be374c4787d0a7a824f2 false - merge
a2e55657743e6767fd89d7d235bff913d7dd6c9a false - merge
672f9ba01a331c44f996c992c8304077388eda5e false - merge
019413f5198166b43d933e48604e071e7203f92d false - merge
8166f0a416d6df6b539cf6bb913ec5bd07c047e7 false - merge
10c52c9dc2430b79082f29ca321b9b166bbda45b false - merge
b2f0376b45428f13151d229c5ae9d4d8f74acbd1 false - merge
6b319ae2aabfa0a0bc36cb18c2677e01ecf822f8 false - merge
9da676183cdeb9f1b27226a903e53a5147815147 false - merge
44f87348c807cb1c9838c6497ffed12dc785a608 false - merge
72cbfc7788fbffbf49ca5c772e549dbdf70bd82a false - merge
d9f41b1a59c0ae741a44b9de774396b6133328c0 false - merge
e3173e71184cd45db43fa65855dd31f0cfca0f8b false - merge
42c24319a911cbadc13d5a3a1e3752465bd9edf3 false - merge
9d098cf136c2e9ce1ce8612f55a1973a314b8970 false - merge
45e8767adbd8a004195fbeec112ea129265d4211 false - merge
30aa42e6ac74a234dd442d6e1e38ebe5202cab6c false - merge
41e12ee91f1de0c5c4eb8a3066a3c06229dcccb8 false - merge
7f64b39d2dd44f5a814f2895523bea3e1f5fa809 false - merge
e1fd3b369269df1f1e48f9a85f376807a352a16b false - merge
e348ba93e7cb4157fdc82fc4cf0486f3203c6704 false - merge
9afae0e118c82c9b0eb9de2915a1c14bc7f73367 false - merge
37e2725e5320c5371a841d836c2ac7bede4275b5 false - merge
2aa41898b28a6242ae3619d5b77c81ff4e578aa9 false - merge
7de8b571394f0cff7790a6a6f0f510b7f612e257 false - merge
aad9e6bafb4fb76c7e124198d61f26587cf755f3 false - merge
f7c3c2173611ac6cc819d7048b1b5b76d7fffa12 false - merge
f55b4b6aeddc1b6f548f87409e6a4cb6876cfeb3 false - merge
8d786676cab90cfbecbc40482531accf94527621 false - merge
ca8935c57d75f843bea700b60748eb1101e81f8d false - merge
ce5138296cedbd1ec4ce9e9965a906e83868a71a false - merge
740b3dd5fe5dd11ce3f1a9f0492ef698c416662f false - merge
21828eb45ad3bc007b4850a9dd372de718e3fd97 false - merge
6a38aa2ea67cd27995415a68080d74025584421c false - merge
b64d96a23d254e848b8a4e6e84d92989ec3d0dbc false - merge
7dcc49151acd758d4752d4cdeed1f0b619e99655 false - merge
49720cebf377c6db490a24e8f246eb57dcbff003 false - merge
499b3d00ca61e2ad4dcd070262628b42d6b852f4 false - merge
45410cb9f8b6274751628effb8c39a55ac02a4d7 false - merge
eae4eb0a6c2f5a4fff6a702c8f27751f3e0253bc false - merge
c21ec846b57bcd1ea5a95bccc6c653f008fa2d49 false - merge
5308e413d22302b56daa71b48e036eba218cd037 false - merge
a08c55ddb4d3b5b742da7f7d935b0ea42e692590 false - merge
6da43894fe0991933503c427611a0fbe34f7cf4d false - merge
08075cd72a9fd06d5ba08e4154cff1b1e0fa610d false - merge
c828763bb526ad0b52ada874e7051ed870e190ca false - merge
490c4b4d3b3e2a78d91d2e02d19e3f2d5e639d1f false - merge
c27a7c453ca62c8e3fde7ac5b2b211840625cfc6 false - merge
a2335dfaf9e084e84f75e36a7c7953922c497e06 false - merge
bfc16a9069a56058a656ed770c69800ff9756afc false - merge
b1ec8f2d01fd5f696ce4f11f8e2755935e979cc6 false - merge
0c2c623a2708a6cb84a419106100f3ddab93f4a4 false - merge
8897e4c4c319d642490a08252dc5e02bae0717d1 false - merge
dfbb866f8210b7a03f151bf6951a8ad419ca89eb false - merge
271dcc6a42f6df93c3e9d63ed4b769dc3b0b1ae6 false - merge
13e42418d146f4512bb293115a977d9bf7010d6c false - merge
d300320fbeb4ed4610fa728e0ac644ea05539a67 false - merge
033739542f060becfd8d519d2abd6d39d6eb40be false - merge
8b73549d4469f784a803c669aad0686e27369890 false - merge
bf48865e7d3fa08e548336580ce3a25ee2648fc8 false - merge
c7bc6bcc6a2511e2dd222f4e6a8c533b8d49afe3 false - merge
62789ed6aa62b1fa2c89c371607da9d3fc2d9cbc false - merge
6c94117e620445dc3ccef8878a3ee61dd81ddfb2 false - merge
23f46b06a5d71b4a349ae9480d93951ac7791724 false - merge
ff5cee9324e8a74a1d78dfb03bcd0c7fa451c84d false - merge
563a7f206be1929c40edc0271266a29a7db1d8a0 build - CheriABI
04c8127e8ac3b8ad7a7a4239c5ca01e2eff46869 build - CheriABI
e3cadeb3ec750ee013769e688a753be492f1c1a1 build - CheriABI
ec191629738cdac620b52c016cecfa96a6860ee4 tests
8d5e42f8c08103abe360cfeeec420fa5b89da678 build - CheriABI
deffa89e4bdd1ecd4a8d044fb8dab99918bc65ae build - CheriABI
6f758c8815afde7bc45825af4d9aeaede2920e80 sys - swap
ab005b05d8c8c187a2471b043885a9728908013e build - misc
f95b776898ce41e9218415dfa9c9702ad000d5ac lib - unrelated
663ff675d61f7ba46a12f1da76f759e2cbcc8c34 prog - provenance
63f5d38476dfca7043851297b503b1b4ac1e2e52 build - cheriabi, misc
7e0e4ce0d7f3dff896bd92b4e31ee7609eb6e2a6 sys - mmap
b4b2680c0e0fd9bb3f2c1e899312eb62b99f2590 sys - swap
3213858ec57ccc7d5aeab829867f205888a491b2 sys - ioctl:net
264e1059d8b94be2f4d1d0bd878f7e417857e040 sys - ioctl:net
fd8263595421f3713c2ddc553c69295e5ce24162 sys - mmap
eaceff882246794330b451fd3d1ad72a2a260536 sys - mmap
2579df4748331f4753277c4905e13fa8aabdca61 sys - iovec_macros
ba096d0d2af3dd28c291c58cf5834114962ba4e5 sys - cheriabi
487e8a5ed2e5a1bd907832987493e5c3f7f42603 sys - cheriabi
406339daaaa86f6badf3dd271b5a4d5dfa47eaf2 lib - malloc
840f7a42979b15826b100b63f82d57d87ea80787 sys - ioctl:net
231f8dc6c0da279eab2e30072a49d42b8087da4b build - unrelated
bee65e84eb387c8df7cf24b6d84caa8c4ab88cc5 sys - iovec:type
16dd3b375ccf53145e514bb0774738c0e21c1942 false - merge
30f165e2d74c681f9df978d1f8f6eeef4569babb false - merge
d68d7a2e1eea9a0bd63201b64f9b5b6a539804a6 build - misc
f15d36ef86efee2ae031eef8b010da24f65a2b3d rtld - misc
8a8eed6d18b16024b3cfa70079d849d8670bcf74 lib - misc
812b2ada69699a5012d0f3c8332b987160debcf7 sys - cheriabi
dfe4b54db642f911cb3d5b8becdea1d9cbc9a8d6 sys - misc
286ce71c292265bb1535f3c420e5c6c670624646 sys - vm
b5343d68ec76debb577c91c58dec6a5069d1d73f sys - vm
c051be164657295c621079cf1ab2b5792b1cec30 build - cheri
bff223f88eca146568e588412370f592a9da7101 build - misc
1d6d914e916acf6527621eb5df10873dfe12d734 build - misc
b734fd00d7cd8a8e46f05bd7acf853a302f954c6 build - misc
287ff8a1444350ab947d68d0e9016a8afee2b9c1 build - cheriabi
f4df9c2dfe2dc59614093747cb953fd372d95192 test - misc
064073c97fa926af99296a76113a4e3d9b142172 build - misc
8b250a3c05d7bb837cf37423811ccf39066872cc build - misc
2c6a5634f74f703c45788d275da75e73f46c9868 sys - iovec_type
749bd995aff74fc174a005148ae9988f63421f88 sys - iovec_macro
87857808cde506bae1ea8696c897da72ec7f4fb1 build - misc
8a4db7bc8f7508a2e83b2825e20e1d62d23e9e81 build - misc
dff14a0f76297dd0b992e87fb4dfbe170c80c930 build - misc
c3ae762ec960c6fd58ed4d23d73d1bc933627a4b lib - CheriABI
1f99dc153b5ae4edb57d782b53220f7aac2ff216 sys - iovec_type CheriABI
05bd2433e24afcd6fc503294e7abdb6593972984 sys - vm
ca4bf334449500c5c917988b8832627b6cf684ba sys - ioctl:net
335ac58652efa8efe3341edb4047e460cb072e4a sys - vm
0506476eab0e67e48e56b7d490e59d2cfe7c5d94 build - misc
91ea1b43b263781e6c705c5b40876ce8678c212f build - misc 
125dff73403931f2b4fb3a5066ab041a391a6852 sys - ioctl:net
bcce11cdc88b6478291cfe66482d34bbedbc708d sys - vm
f07917c68b6cd45288f71383e313eea9e90d6ead build - misc
e95b3521146066ccabd2dc609175229108f27aef sys - ioctl:CheriABI
295760aed2787f2f198a95a1131a65fdb684d688 sys - ioctl:net
2dbb9f87c5f208e70f5349abf99a5f781c0383c6 sys - support
28c14b3592af3a1d535b7be8e6370bdd36fe3518 sys - user_capabilities
8ffba70a95b88a3a288d6f1e6c9ccdde3e777624 build - misc
4408ba43a3b75113ee58b7d04176790666900419 sys - iovec_type
d4b9992ff29342f44520af05a8c3d1be71e3bd03 sys - swap
e758268330a9f6f0d5f0ff5f55f44ac2437aa931 lib - misc
17006ce8f44f6909df6919e843062de624213c21 build - misc
4645a953c54b6c9243ccead80666202fa0e8c4c6 build - misc
56dbe40ff60ec6f3588cc684bcb94c178d872d32 sys - ioctl:net
9d1ff0eebe7e200aedf41ab3a69be93b50ea8ac7 sys - upstreaming - CheriABI 
a340a6dea230266a66b399394aab4cdf4cac262f sys - ioctl:net
b75e4f8a7867c05c68bcf5655ee399d93a4b72cf sys - iovec_type
8ff387e5e8dc76dc49d716fe3cf149efca502dee prog - provenance
a8c1cbbf184fd3ee463c966779164ff0cd02bef7 sys - ioctl:net
27d88706cceb0bffac2749601ae3bf67887e3d4e sys - ioctl:net
eb42a05e945b9824b72ab864420108dd5f0efc31 sys - ioctl:net
855fb6d31de97c31784611a61b06805c808ae04e sys - user_capabilities
56a9ea48ade7e2370558f3f85cda4b92e148c32b sys - swap
703a463daedf211e38ac03ee52e5fa03f766c3d6 sys - user_capabilities
4399507e6cbf9104954103664ebfd739fa8a804e sys - support
bcb36b5691d413c21ea3fbbfc06515f76c87bdb0 sys - swap
f065ae43d5de18454751868695edc1bfd9047473 prog - provenance
c67f9e526b26bc53442c2b65310cddfc8c5807dc prog - provenance
b137d392bc9b0f40c6a2f89eff2ff2c653666f38 sys - ioctl:net
8dc5f4ad5e666afca262cef78e8ed7425687b5f5 prog - provenance
e191619c491e6e7ffcb01378abd555591548c2e3 sys - CheriABI
f7bc0c8986cd1f2a17f3c1356655c3925351be72 sys - support
745953a9a9c71c357e6be08642bc1fc319db20b9 sys - support
ff7f4245f47a6afc6d2bd285f359124c77ffd385 sys - ioctl:net
dbc26f766500aacfa0c9766566648c8034bd0784 prog - misc
5fcd4fd05de68990a619876ecc5c24cff6a129e9 sys - ioctl:net
d06385dbc3abcbe462f101159c3d6a26e4fc334b sys - provenance
7a738400871dfb3f44d43f8e1e93d06538e56fb4 sys - provenance
79471f915b01a4878ce3bda24c5654841d6840c3 prog - misc
960dede1c100ce19133800b06c160816344f32b7 sys - user_capabilities
1d83dc2dfe8ebb002cd03c74beb38debb58758a5 sys - user_capabilities
fe55c409d3339acc226e7b2cc45fba0ddd6afff5 sys - user_capabilities
d0006d68d5c33ace1beab5227e79bc919377e3a4 sys - iovec_macros
add6f76c7c348476de72f9a1cb5a36ae8075cdf4 build - misc
73add6b51f43e69a83520022ed3ac15f6958f129 false - merge
f7d488c38b1c2b830933f8524513fb456fdd904a annotation
aa53aa7896ba3248d07227b226ea8f4584b6c51f prog - provenance
033a805819301fb862a514ed0489b4a95b5fd857 prog - misc
ae75a32c89f29b5d37bc1f34428557e9a9064c53 build - CheriABI
36f531d8897bdcdb44e75ddef97afa0911b4a32b build - CheriABI
37095ac4ea430ae4c22128fa61b10d362981356f prog - misc
26258153d0e8d7838bf2e502374a23fc02a1e10c build - support
83855e48b56a120e7f8be34a8e291500b65348c0 sys - user_capabilities
205a06c7c12d2731193754e2a1f0b1d9c17ccb95 build - misc
5e3db3d3e72ba2d5cbfcc1b7549b43a36294c664 build - misc
298b24681df3ececfe6fe8a8b6a7a470deacfd6e sys - support
489cd1aa5d4dba2f8ddb070db85ce310a0677c0b sys - misc
c42bfb961a7c2bfcebe22bb8193ed4597c48452f sys - iovec_type
326f5b50aba3a7be2e16d52392a68c4b085e37b0 sys - user_capabilities
4c1d0080c1c9c358be5f863922be423dcba23418 sys - CheriABI
1a73d7f37e663ceab985fe2cc091582862f91b4f false - diff removal
cda680f4fbb4fcfaefc9f72ed1fd3a77d60c124a sys - user_capabilities
e0553a6429f3cea99575b8376dbc7b31188fe75b build - CheriABI
73028fa4fdb959128a886888304134537169dd34 prog - support
9137bfd1b59de3ae48c2aa403efec5b2f8861676 sys - user_capabilities
fd8dd4b0464c968a25f69bfa55cdb99e592a5245 build - misc
8c5fd6ff2912f885d092b2a7a09f3826a310aa9b build - misc
3092ae3b360c4e7f508c95e07161a34ee82afe0b build - misc
d24637c63e692c4555832e103f2e481927b4e880 build - CheriABI
95b0b8b4faac7c0a709a1c1b55a53c1db1af0cad build - CheriABI
748ff5d29502ee5300e0f4b3754378b2c8caffd5 build - misc
d42c2d30f0d769180e6d6b56b0feb727692cf250 build - misc
4fa348d6671641dbaec69c9481664eaf8f5e7132 build - misc
ca4447df64cb0e7e90714dddff6b1c566ba9c23b false - merge
a3fd9e463b8e139e79d4f9aae0c527d9e97c4344 build - support
76cbbc895bbd99ad59cab74bb3cc4c89d947602d build - CheriABI
3e6e63edbd38ad3c162dd89fe39207fc9b8f5a09 build - CheriABI
6f02210cebbf7d0b313e59a2063c6e939704bf97 build - misc
c115ba2e38fe62d6b80315ae27b7dbf485493595 build - misc
65c8d7b22dc6d66a36e3a75d535c0472847b0e57 build - misc
653aa92b11533c734761b0caa612c4ac29b392db build - misc
02e3fe89d23040bf9b69f9a19bdd35a092a2a181 build - misc
eb8175d8cd24904fba9abce1db4f898dbf6fab06 build - CheriABI/misc
b25a86adda00c62297da8b9a39085472c17efa7b build - CheriABI/misc
6083db2e743b4d696b32f855a6cfd5b9c29f2837 sys - iovec_type
3a116a717ced4fb4b66f02fa6d12acf62a6770f1 sys - iovec_type
659d6634740ea0024f90ae8a77969a29af8b8027 build - CheriABI
cd4db8b2dd9d22d385be2da338979a2d5d50665a build - CheriABI
495fc068c8dffbf8dc9b070e27f5c79fe6aac96b sys - user_capabilities
5237a5915a9c7a6384103f9f3e43c0e020dbb1a1 lib - upstreaming - pointer_integrity
e6b56ae635794a14be09a0cb5b76247fc917dc55 sys - support
4cd5fc83628b9f7a533964df93cb67562ee0655d sys - user_capabilities
e8d973681c209fccaf72447808355b5499769a3d sys - ioctl:net
ebc7b83489bba5a39a828d9e5fab0df39c88da46 rtld - support
df52c0ce4913a24b74367b05f01a9d9f538d8b70 sys - misc
8dc5fb280ac3874e03124d46d79934ac9fb33279 build - support
95d8ba935a22c4c7bd7666b893ef2622d469ea79 build - CheriABI/misc
5a05a7d040a8299739dee9140fdf5e0644871a03 sys - support
40802833512f384ac3a41b5f1eb1150e5340e7eb false - move
72a43a212181a938d46ce2611c6113431ca6e2ed sys - ioctl:net
4b6f906de58788765d6a8ec29cb215c38f7a8a6b sys - ioctl:net
5a989c3b853f009980091ed0df09e7ffae8040ff build - support
de83abfc1f12a4214e62b38758b9792a95ac51b6 rtld - function_abi
cab6833d899bdc939de5d45ca85620ba85ec202b build - support
1c8f68eef35ada7fd7e47653c605f5636305566c annotation
971825aff65da134ed59e2c2961793ff4e3dcb4d sys - SPDX
e8c898de0d6dc15382d9aa5bce3c088959839022 prog - SPDX
a9e6bc4009f769f72bf827822ff223007c8dd332 stand - support
26fe2cc16f4b8f66c23fa2d6275fd1806520df4b sys - iovec_type
10c3f05b14d83cb890a81a120b4c8b37fe621f8b sys - misc
ae8bd26a8ffb113c02eb8a95b8e5fc8011013f58 sys - misc
22716d799ef5eee70300c1efa884b4845719df03 sys/build - iovec_type/CheriABI
bb6207572181dbbc40ca411b771ee83713d0bd66 sys - user_capabilities, support
9087cb2175949cceb883a75c6cd30c64e545000d lib - SPDX
00c1aeb9cee7e1d555d50e68952d4e5aeb36dcb9 sys - SPDX
7d3e6698814f61ff7858989e97eb114fb0cbc73c sys - ioctl:net
9b982a6961905e28ce7fe12869591f555a077cb7 stand - support
d947bcd378bd30b61b78d3694308307df27f8553 stand - support
af2d2d4198962924a4a39853f5f5ffc4246dc085 net - ioctl:net
e5d89092304c39e3c46475d76c2cba5e969f640e prog - compartmentalization
66455aacd922ccec7cbbe560ebb3d361e4cd1030 sys - ioctl:net
b8d9387c1bd0e6f8ca6290a4b992476040f40374 lib - CheriABI
4841dcad7d4b7cf904075da1215f21a1a5b57535 lib - CheriABI
910058edf241882ac90f420bc637926a5940ed1f lib - CheriABI
30c449274289efcb1f1cb657a742077c41bae0f7 lib - pointer_integrity
f931fdd0c657ad7c77149dd22d4c9809ade1b866 sys - CheriABI
2ef54a4daec8356a27af91efcfcf35eff79d6da6 sys - ioctl:net
9dd949ad704d24067e2819fed5c177895f158d5f prog - misc
b7433601a65051d4acf0963864453d64e5564d5c prog - misc
dd38168646d3b6dce9400733a540e591c4cdb28f sys - iovec_type, user_capabilities
5796fd7d4ff13b9149188db88875fd97d47c0af1 sys - support
a42429b4e428b718b8918a324de459c001708a77 build - misc
aac6248e0b27580a642baa9571150c38e49d6cc5 sys - iovec_type
9e972ea1803da51bfa62a30b1f41f7ba9e42dbb5 sys - iovec_type
484af7ae522d7d0d7fb7533917a9132715ec1fff sys - support
af499da60c77bdb70b2a398b2c6c0b472117230c stand - misc
fe68a94755c42696b5e9f34fb606586d71de4599 sys - support
f65806f13243ea353ff0ad268a284e9694eea8e2 sys - support
035323af2c0be18aeb176355e8c4169f2ea7ce0e sys - support
83738cde7d2bc35718a7ce746897e7f48f2405be sys - user_capabilities
f8465c7f6c2d5094e496bbfd45266534aa5f307d build - misc
3282d8e44e6a537b476ccee3e83b0d56d6033052 sys - user_capabilities
3f9499bf6d64e72379ef10bb878ea14087a63855 sys - vm
330650246df7069de2a63498424122dbacecf966 prog - provenance
2b7f96ed06bba2cd85db9fcf78034c7bfdcf20ed sys - iovec_type, iovec_macro
7330eff64ca9ba8c5543e0210f150797e99f09e0 prog - provenance
89970f4a2ad84036990d715ded663febb69e70d3 sys - CheriABI
eaf3db01cab50db61472d282c55e5f98a61b9c3a prog - provenance
dd1d35d1bdfb07981ce50543a61023f85634a660 prog - provenance
5e56e215a2ec35186ae3c02c9b7036f8c367d2ad prog - provenance
f0cb92e565f9b6c1f582283c2587bdb88e9e6979 sys - CheriABI
99be183341342132ecd4d0eef6ababe2d024a07b false - merge
48569dc7bd2026122370967d5d2eda028410838d false - merge
7bffd764fe6a13954a274c41690d64e25ea7db2f false - merge
4fc8adac6c6f69fcdb0050a2cbff1e6e397d7b6a false - merge
304ecbd2042db266e13aa1855ea47a120c7cdcba false - merge
58e331e535c3501c519662d52d73021baf994454 false - merge
aa4f6ddb6e064e0444494b6d7bd1313d6f702d3c sys - vm
2c341f1da8e8ad8b764969c708726b2b246e5ada sys - iovec_type, iovec_macros
f7a0792558ec2409de4e8a8dd2d85a3e34ff1521 build - misc
996f94ca366bd09aff4f652e4868fa97fea19365 build - misc
e7a1f88da134a543c130bb917dac82f3007e5cbf tests - sbrk
02dea642cb64b1069412fad61aa32ce71cd26614 sys - support
d87b452e7ce10c4b322c928be4cde209e4245b6e sys - ioctl
4904d55eda7c49fabcc7508a62412e1b3cdd2a51 sys - iovec_type
d38617a7686ffc46a2dbfa6f31b0cf22b54881c1 sys - iovec_type, mmap
74e024b17843e6dc25db4e12d360e68ecb2ee7ed sys - iovec_type, iovec_macros, user_capabilities
f766a7fbd66244c46c28f3c4820a32efdd5b9226 sys - support
6b5f78169b8d60a7dfacdfe537414a9151b1bcb1 lib - support
77acb13d54772e2d092fb82e81517c04ae4cfa88 sys - support
a0b1674b930a3e47325db77a8df48743da1aba21 lib - pointer_shape
22c9020eba2d82c038289adb23932d96aaa587f4 sys - iovec_macros, user_capabilities
bb5b5aa9ce569cbe4f09686009df0d1b0c0da001 lib - CheriABI
6a5cf3f8d0ba64d7f71e41e54990feb1facef802 sys - upstreaming - user_capabilities
e5f8e07f6681f4dd004526766d0584291ade2c29 sys - upstreaming - user_capabilities
9d16c20aa01dae048444671d66d9b73ec0be0aac build - cheriabi
e3c278be712075396ed56101669faf366fc9d36a build - misc
df85df185258627e12cae414e7744a3804d1a3f8 annotation
4da5b4c4b951ea0dfc64cae2b579e8ec18f148c0 annotation
e13151b03ad3c5fc07edc89fb90f5e1a10cc29e3 annotation
3adcaacde9f55c4faf0e99ca0466662e211ccfd9 sys - vm
0375af20b76dcb7e14a4dc6044b2479e145c2699 sys - upstreaming - user_capabilities
2bfb64fcf76ae2e83e75e6c5ab72f4d3c3135813 annotation
e7bc26dfc046d373bf104ab144c897d7a0bff074 sys - user_capabilities
c400e40582de86c325e52f28bee548730eed4276 sys - support
651ad1c074e75f1dde647994e0b5de2ed5221cf3 sys - vm
47ea5e0e0bc6b17803a145549cef7f4f5a3a8299 sys - iovec_type
0b81304393777854a6647cf4089f9dd82e60894d sys - iovec_type, user_capabilities
c59c2ba3b827ce229e790178086e89f9919885c0 sys - ioctl:net
e55fd2183af20678e8fbc3d0a13890c90cdb4b09 sys - support
950a160ac2278b7e68a9f1efd5e1d7276ebc2755 annotation
d7ecebe4cf004d96cbdcc8588744800c0b46264b sys - cheriabi
37357cc0fd5b13cbe5d7c5e3ae460fdb6f1731f2 sys - cheriabi
189dceb48e860c745aecf16679939f42e7b72145 sys - cheriabi ioctl
9af6a2c302e246a18c5877862337d958333411ce sys - support
794244758958a41fab646323cdacb5bb8ea47d0e sys - cheriabi
40d684fae8e0998512c4fd7722614a520985dea2 sys - cheriabi
9c31783b572b9f05a21a3291db4545905660f9b8 build - misc
e8a9358a0f4a00bb76fc3d3e6980b93be5735bfe sys - cheriabi
1daa5c000c7bfc3b552173ea6bc22e4b3071c8f3 sys - cheriabi
84e3a2697b259a2661b07153054eef9f7b3c91a6 sys - support
bb87f1b3d9ba07f3b9fe6bcefc3caf9490c98500 build - misc
cd3c89374512677716d9dbfe50913b3d381eef50 sys - user_capabilities
b64a5f3b9408ff7757f5b09cb43a8e98e212f17f sys - upstreaming - cheriabi
44efa262d5c82b8102358e2974ef154416129927 sys - upstreaming - cheriabi ioctl
7d32d47c19c95299efe0d0c32789b315003c59fb sys build - misc
4bc03e7d11483ca2b63c6a30d511d5b5c6cecabb sys - iovec_type, iovec_macro
e16fe33b543619bcbd6eaec54c441b7ca7bf5f12 lib sys - cheriabi
84b14570e0bad73f7baf0314adb67256a24002b4 sys - cheriabi
1066f62703af2546eaa398dcde6dff64f075e6aa build - misc
7bbd9a8e415c3527be57b62b20794e9000ead79f sys - cheriabi
19442a3a499894e92c4b1a86da32d5c05e890008 false - merge
23a338dcfbae686c5f95f09f322bd3682efc246b header - cheriabi
e195b3173f715d2bc09621ff58513a401e97a860 sys - vaddr
d6def7c6877a675f495ff38684ca7743b59a8073 build - misc
2ce731a3a360c835fed28fa60fb5df3f8441f323 sys - user_capabilities
ee086b6181b71dd37cc7555a5d805a1c6ffe78cf sys - upstreaming - user_capabilities
4fa9b34f976c26334a7d0b8b0d439a71fbcea717 sys - ioctl:net
c784c4f6724962638047d45879f0d826ec4362ee sys - user_capabilities
e8eb75bebe5183393420f5b20d705c9802f531d7 sys - user_capabilities
8cf693cf88026fe36cc0b255020267251be94b60 sys - ioctl:net
5d5b3134c11b246b7b086de624978a61c330b90b sys - ioctl:net
5c512a53b3b4b3a00eb6dbd730c7a352939cec49 sys - ioctl:net
4be95068ec0f683e04a1d64e94ea294e206d83fe build - misc
aac5caf8cfcd624e834e100d1ce09f76ad03af3e sys - user_capabilities
bb5a823afca7a37819a98002da7d8d3147a9e705 header - misc
d11abcda99994e162e22acc5c2eb7fa0397b513f sys - user_capabilities
e3950aa19ed8ace10cdb5bf632a8306ed24de1b7 build - misc
0f3bca087ba15c7b3ec338eac28459bd5baabaa5 lib - misc
1a2ff00e8083faf5e2b98bc7db400178a58bde4f sys - upstreaming - SAL annotations
056265fd0110cebb504b14fdc03843d687915f52 sys - upstreaming - ioctl:net
7da9173923264b6db661f285c7b94600e4c004b8 sys - cheriabi
e6d4e18129004dea10a9b948b8ccd2be04754d4f sys - ioctl:net
19852e94d0c23547eaf95a09796b4443e5f1558a annotation
a67979a280ab37a5a747906504511a64fb037c45 sys - cheriabi
88787b8c44ed7058b54089ac1076e6e103b51aa5 sys - ioctl:net
ad342a3ef8ac5e0a6f2043a7e87c5409dbb261cc sys - ioctl:net
da08369231fbd206e7e2088c13677a9cb255e7d2 sys - ioctl:net
46eda678dc46d7e508a9348d8cddb29e407c5840 sys - misc
783009a2cfc95f541381810b7dc357623b7ccb67 build - misc
9da7d7d0ddc9b240ede407dec773f6fefb957db5 sys - ioctl:net
d8893ea124d85e14a1a00db326d037b7dbd0eae7 sys - misc
3d858754361db3684c456f22923c761f2e329662 sys - user_capabilitiesa
b158961199ef34c6ba072bea4bcd998f8ad21a21 prog - function_abi
e3ea0412155129eab16208f350b9fc7e1a6adf08 sys - user_capabilities
92f32744318149c05529827e861fbf9d76011842 sys - user_capabilities
1adb88c5528806ae4af706eeaee025fe5e2e4dbc sys - user_capabilities
d1a49aa48ed85f3d62e5759805353218bea9be2a sys - user_capabilities
71b811af26c2206a1c42bc24b6af71c577b11398 sys - support
c83a600046e9297cb686d75ee27e7d68161ddf48 sys - support
954d7b57e79c7da26c4b488ca292a0e4344147db sys - support
8c611d20cc64b09df7919736baff4a4581cc3227 sys - ioctl:net
ea18fe7fe1da9c6fe22d6fd0780a47eb3c2ef84c sys - ioctl:net
8405bdf3972cfcd1d86c98db26bc0faeff069e29 sys - vm
e6aafa5de7c375ebf5271811bd4188ba74f42ab3 sys - cheriabi ioctl
50fb2a98a491c9a33f3d03bc4f21188544a6acbf build - misc
6864fa311e939955a3c6a3f88e3f3542e9d13ec9 annotation
7e90c9b7fe3be808035f0769287143f7bf6b52f3 sys - support
25e1535ea91d340caec7c5e96e9ed38f80b5af4c sys - iovec_macros
569698977543069bf63e4fdcb09f69deebc4dbd1 sys - support
58b34b85a31c6d37f7a9711137a149ba4996f646 annotation
ce8c66368ee2369d47111a2a5a409fe5877e26ae annotation
26fbdd4c1d2e521c05e64d73b488ec8daf3a9aeb annotation
b92092761df499dcea5aa2521e40b6f01a5280eb annotation
7fae88b1782365b960af426fb38a8f752eb4455d annotation
14e32fb0f06c6e5c709e5346cccafebadb379ce5 annotation
51c6b8d6a2baba178536840c0a38b37570320aec annotation
572b3daa281a526eb854cea3c3f61d2c69978338 build - misc
64e2136787fd6f6f1ba18b388d651ea4c9600cf6 annotation
9d02ab187e658c633c7a524ceb466db0c9827d92 sys - misc
27f82d28a7efaa2d0548fdfeb3c1437f69d8a22b build - cheriabi
2f5b29a002348b1ae15cde907b3af1794d2ac5e3 build - misc
fffb4b51b1f36af370a9774f988fffa10c84c44d sys - ioctl:net
18a47d7fd099feab6e4bc7a11b646b4d9bdfd0d9 sys - user_capabilities, iovec_type
2f648e3478c14be0ba83aca328cd76770c8078e2 sys - ioctl:net
2b566e3e4d44b50ce1176879ead3b7249e4b2309 sys - user_capabilities, iovec_type
1ada7e434a9b19c2c86f9cb3280303681cc0038b lib - monotonticity, pointer_shape, vaddr, pointer_alignment, support
1ffee36513239a130bad367183e4cf71d7287043 annotation
7a8697e4126a14403fe56851347144e204df59e5 annotation
4dbfc2d72dace7de1364dacb57755ddebb61cdd4 annotation
24e31e50f8935302ff825f67478d7d757d58a9a6 sys - ioctl:net
7631bcfa7c45893390441946426fd3f7660eaf9f build - misc
8c52e636ebd38b9a215af14d3942a922be309745 sys - user_capabilities
13546e6193efb3a9597b699a2b2e2df02f53ad70 sys - user_capabilities
81db753c8ba8171c8e513cdef95a4a4e4c621d92 sys - user_capabilities
74e1f86376b43053f4b7937c604f9b03632b82ff sys - user_capabilities
a310b94672ee848b82e66082124f6a3d73cc3c6a sys - iovec_type
42864410ea5f36ec95f416cc10f392eaf0809d1a sys - ioctl:net
40abe9c3865a233b8a11a5d41719a036d7aedf9e sys - ioctl:net
b78dda1a859d41d4a2651d491e6b0d23e6683a30 prog - function_abi
3bef9e9e6752cb31b3e3315355e1b0fcb7b1723f prog - misc
5f7b4c8da5122172b77d56a511db7d3a1f78cde8 prog - function_abi
8b8260839b7ec2d95df4a2c965105e10fdbb92a4 prog - function_abi
4cf074b6ea7cf2dcd544d776d6c308485dd526b8 sys - user_capabilities
7771a352f770bb427a73742372d361ab143f8256
122dff1d58aee48d970e8e2323561f1b0686e854
830694df39c5abcb08ef99bc900cdb831a4a438a
e7ed1b36476ab271401dac6598f51c12d80f972e
8da7c3595c4ee8356156aee7fde97bea2bb631da
49eb6048c74fe452f713f215760e0554b0f268b0
f8a5cd0d3ff1dcbbdb0d52b6b32217b42e93df4f
68e5bc364cac3767bca6ff98365636258b10058d
368c2ae45a982d7043208a296c66a95402079fc4
1c9598c9f2ee80a2618d6d204aa4484b1ce9c653
1c69fa4e443bc4aa4b66095f5c337f26c2076a5f
a680d49f6882b605c70756650f2bcdc5915605b5
a239360a0340732d8c2081a8ecc600d77301c94f
3a6c4190b25b20a07479e214b8b0f5a785921d54
6ba2cbab3d40c753f4caa9f1dcdd78bf7b72cd4f
5e11e2f9fbe4038cff1aab6c0bba70dbbc0f8f85
876414f7e0f3c58d1beb2ec56839ab4450fa8124
d1616082bf2da65b9b32ab2ad4c89e3b2488ef8c
f97161cc7a3114c3ba2515438df0a519f1e4514c
9c47c6084a3e402b95fcc6509f5c3577711e743c
c932b60110fd34b7e04510ff6655d489599c1b41
834c3845fac9819e040b5193e2d867fff45e47e3
6c7f6c503add3ea04d0caf5977d28fba0b27e1cb
b7114beb246b5f09418ce476fed59efc444fd99a
6cb6e6e77ed04ac4cd7b96f533dd6b7fe8f56f14
710da3a60c5ce27fd96dd0e1341235f2728b5fb1
728ad0e06c04679b1b8c4e494a83ecb09c7c2f3c
0d1cb1653c2b476ae2c561fd436e0f63791ad732
62432db2139c38a15b6849de6e6603b906d52f52
558b4a0fabb34bc666d4a123d9e90a529f8149a6
d1bca2c3a8c81c7101a840e6fcca37734db0724b
99d46b0230e798d19b4968acfb77d2d747420d2e
93e25a4a3b30528a7ad744c81af1034616c91cea
84bc05f85730b7fead49a749818cfe481268b44b
b62661b8df5d2259289f1237d6e5013bc7cda93e
ae82330f51e06d1feae33ae2a5e8606a7aa7d875
80c2166d20f8a7241fcac3ccfe97636fe96d5c29
6564e84b2d9367238eb4da3c4445998b752f5fad
d56fac78cc6a244246d26d08392005b19324b2c8
0864c81a3b8b351325e64abf4da7fe613999a417
05dc07cdeb9941d732b46dea526f785f890e1251
e48ca91bfab1bcd681b712b05e6c3456fefb5608
c1c49d37ecd6570b9727119a0eb08ec5548ce30e
0220558a9f8a00828a41a9552780590fd63c06eb
e4c5b29e2fc8e8e4e2229787222c310038b766b9
681bb70164e72cf62e12fe375517fe00242d755a
2939aec7635ed2e0a258f89cf4bd2178d4f0f847
d19bf34c05d862bd062f4c6743ea3c6dca113d58
79c8d3ee3f4382b2383012dd5d9411eb0e2934fb
747453be0b7749a0b5c473eefdb1bcee5dfa03fe
c754efc2b534211bdaee671676602f0832681379
f6e88988d8b4a8a028c9e5571dbbc61a2fd74799
027ae7417029a8022914b380c54fb540497bd0d2
c8e1669f8fe70ba678d0b43b71f5473f46a99a49
d037053e1ea92e07817fe6ec1c9fc711f512793f
644c57b9b62973c92d803ff2908f8220c484d3a3
70ab2b4f43557400f669a523b55ef421a1c7e40e
b48edf9ff443a0114d634e7f6c1b31aff5b36413
5b5b815bc5b31195dfc0ca5ca71d5253eff3f108
8435ada61959b3525bce3976c5a3021da7bfebfd
8e7b09b5bd38ab10682e33171ea09baf91617947
6cd6e4519905bc0ccfea3090eea625e2783ee566
21716bd1c9d04f5f6e4d65c202961d3bbcbe9e06
11c367461536713fd72cce01800071919a676554
0d7fd573735c42ff73101fcc06ba125d2b6bd9e5
73daaeed7a57eb48bd9d71292032ebb22febd4ff
914e58d49a23db6e6823aaafca7d2a9c8c82d39e
6b33fcdbb4d6925bfae67a7f88296e1f2e9a303d
c2546be46b00a21064129442ce65345c98338fab
74c54164c0824910e2def03450965e9bed4f53b8
9296d2e5f265372f70aa5b815ca6d94df2a9c9e2
e83a17754721aed19dfd5758f4f83dd73643fc05
dd9ce9d1305ef4ba903df934c9e7757f09437ec1
75bf90c5db35c96ba5c85217e7d2f300e1dcaf32
ed7332b4ee2001ccea1aea4068db8eeb54a6ab8f
824d835f2a4e54154f8310b3f45f4a7144bc69d2
0003cf849f5477d1c807aa5d36b364d9f6d93475
c0c506acfa5358f36c5e714a988ad517d78bc694
5351e8b865ad35d60bb591a4baea421f11b95848
9512a8ae4937dfd72cc9a3440df645b5f73142bf
cedec6e4025f14335a7deafcaf524fdf242787fd
a65eaa135143c86e9f2be3b460550d765bec7209
9ad67c204a157e220bf82d09db7afcb5fc7032d5
0b36cfe2f5658b361c2e6507dd573e32ff0c06b4
e7bd1d58f76e52313bfa8ebac6c10b119abb062b
9ea823b40430c884f66fdfcb3278e890fbb3ea6d
8189462b0b13b9ebd648bcfcdd00f3962d6f17bb
9003b1a3c98c99e9451cd0bc1b630b4fc3342138
ff6765e2665a16636538d13337697f6632478e81
b6f198f30e1d0da3a78a91c06646f426b2359698
81465459c59730074858a6ed8afb6e529f16460b
0a47c58bdd72cd3bf32fc2ade00b33944326ab1e
0b92bbcb625bc96dea834e1e8daf56f02ad3964d
f59f45e22ce5bad6fa06e19f116f9495b2a9de96
453616ebdca1f933057876dae777159b7c168f44
02ec7d33321a0294627bb4b5b66b1cede06ec646
f1f8e17f8de4af84a9b80f95929e7e6c7e93e7a2
fd6a42aa80948735d2f667ebe50876ff11afbab7
d426607ed32546f9f81febc72927ac644307eff8
4b148ad79da236a9517e68147cfe9bd55854419d
8493a8e6ea0b7deb591c1c1c7b2e0f5b71ae8fca
d933fda6827b813e1b79b9b241040650e4d37e96
028baab15157803f65c663c3b8c63b9929039b94
75fe6c5ff9ad2ad42d7f7f6a23d6ca31b85a79ce
211ac5f17a6c9b64af2a3e3d507e346c5d737cf3
95178cda60ab8b8af900bf6f9909227444197852
a1bbbf6dd5836b0df8e1634f34fc57b05c1f33df
a8b817ec275172a7aafec31314ddbff611e2b614
2e40b1737ec58671121e34983cb03e4be05f54bf
c0e756efcbc4f1af10ed5f64d96fb6b86245052d
be18595333a7820df21cf6bd41b3bcfdfdf52763
7fba470164ce0e0af08076f754aabb5e4aafb4a4
fa4d34820f0230e4f5f0f0ac470efc0cff7b9206
bca189cfcdfdaa1bc797fad14484dca2367fb47a
7ec548a76363f5ea1909be487b3651476596f713
111762bed45532c3d6ee2d76c3304f849ccecb60
b22aba7fd23eb7ea5e56eb3e68ed05aabcbdebc3
cc2bc425eff98053e3cf40848e41acde2d751d22
0c6b20ada28ba4ad8b359a2b1c2331b7bf1a5d72
939cbc5489c2b9f0f653d64dac0be6052135ddf5
9b4bf957e7fd9003b8f370d460390676568b0f09
10c760c7181ff5534e09f5eca8729804dc80391b
f18f5859784b4a0ccb15400ed3982548aefc1cfc
65f1b42a1322be04bdb41a5e8f46ff13c0908787
7c5aa90b9b322e34c7dae3e51fe5352cce7cd3dd
ed55404d57f4927a58cfa87061b685c016387f25
defb22f395d7d5b7c436800319387c4f887a2b03
5a6b1387edb72406f53806ad8948b6844eec7924
eea55969e2a559bda6bc6eee37e66118f67cdfb1
e421c82651bca3cfba2dd40b2176737a636170a5
023db18cdb56c35ba15d80b4704e6f0a96923068
8702de88dffd724fbc19bb4efbfed5680c6cf1f1
bbb2ea3bf6ca94bbb53b6eb2509509f604420e55
bf100acdf25da18265d01039f8bdcdfd17d8c870
8d8bb516a58b663545c7ef1a97fb6b432975578f
bfafa0b7a747336a6e9d7e9ceca73eff3e08ac9c
b7d613ae8a2fc1530d33aff53a1a678d284bfeec
2bdba85773226bdea53f9c5ced1595d9e111c8cc
47361b93ebccea9460e05054bcf6da8fdd253ea2
2dcd0617d8a44674f8f6b6ae25b87f61d432d720
0498df37f4d387233f091c5296b72df36541b308
11e3ce69834f0eeb0c0e041b34a47653100b40a3
b3a361914d27d91e2265292834270e768aa4dddd
24bebbe8e31becf0cf8233c479348ba1926da8cf
3af09b53adb0abfd80065edc3c8212efd2d9ff23
0bd283c3990c52d5f6f511a21231ad8ea1250910
a878fde4bc8de8a3cf8e502e10af98e97c357577
97f379c1fde082f86e46eb40ec70d8a98abc664f
3c75f2af3c61d2e34b5080e0e420f09608e8d2d1
6378fa4e37d1e1433ef61ef895b58ae0b2f16685
3c0e74b55846b1bc1b4047506ed07e86ec32ed1e
b71018704163cced934d165960957dcbe65ccde4
4c3d5e8e58c349a0ba1511713452b159628025fe
9d2037cbad7f26d75a2ffb2504dca82ea176634c
05d1d505551cc4f78b9f0d2835aa98e6f506a22c
eb21be26069773d9dd9219431d9055a4910f9d73
28159d2a0e9e50e7981fa6296fadeccb54c1d351
671e6afb074c5b6f0dbea3dcdefa54780d9ad9a8
29169f69e0ba37214592cb59d5831aedd89f5493
0503093e4bb895ba78c6b4a43975d8fa745e7ed7
19a5b9bdc3959e80af0ef65742b63e3375b46e3c
55267b33c513b68f9d787d6ca7fe1d772903b5cc
7c1969d3949feba32c1c7c917c81ec6dca0c02d5
ec3a1c8db1c793745ec98760a899481c3fb14e1d
77e97bb7ad99b0f5941d5ef2a2e839468a5396b7
3055a1b9a3dea3cc2a20930f207b76e8a3077b64
beed1c6ee18d5e881657e95f49d359f31e82b262
611fa4e8a96e3fea0bb94720782e5d659e54a2b6
a22cd55666651e879bdc5b1d6874850aec80e999
bcf04aac2ca9432d533ff2fa05fbd9b271c9745d
5fd3c858ff2886bc9ceb1709a28ee0461c0e0385
7995600286fccef48df1415d53b57c36c5aa6582
44b299959589338d076319460b655c811cf3199d
23822b945badf12a150ae35dc399e31c6a12e909
019d12f872dd0e817899876dab1ade42b91f5b83
cc221b630d6a005befb624603621a693f2eedc97
0c6a1b2b27ceec03a13680c3bcc566edb05c0d3b
a299a3e9e4afc463f1e0325046b35247d1c6d9fe
8a4077471d9c4448734269fbeb861aba16b4072a
797d5ba30800b455cd3d49cd8b76aa5976f6e743
2bef9e069a9b26e96ff085a6355c0c865d804389
c3df9bac51f73d0d3ceecb9ea9e50f3c102acfa9
7e70bce44195dc6b0f4d04660a6f01bc1f34bdbf
8b587fb2cf994e53ef6fddb61bd67870214bc120
93a1b781779d180015c733951b0ec973cee54a71
41fda37d5b3be358461b6471677b69265cb393ef
2d068a409d7d0b89d53f257f5012ff451c115bcb
287ed468f776cdfbba5be25433340f72a015b9b2
fe19baa61e700145905813794f431e692444952a
2c6d9777e2779e383dd0841fd6ee42bb4b166e94
d2889fdfe1a1e35d1852fb03aafee6fafb03fbbd
90b049476ffd1f3004db43fc604f793732561582
3f7c433cf9c85c719f7f5b01057138c6a0181312
ca545b671a15b2a6f7d1cff20897a03eb83b5ca4
b59cb29195c8a376c382c6e88d740fa310ab5b75
d337db7cb31828b4bff22df4052238d3eb8d878b
7e3e14da0920256d8a0ec06760e0a0c60be9df6b
be2e9a7567458d63776cd8fd0349e1a0cf171bcf
c77f2fb50141ca903381520dc320818a81d5b505
919a4655b11593b8d23f72a3883e8eef3d667275
398d4ef718e574f710fd980edaa3f5f700ae55a8
07448bc8243e27034d9b7a685b3fb534783f7813
e6a6081c7ab6520c305aac213f518cac1dfe4818
82aa122cb992d5bcd56c9f443790fb642ac59695
af5a2716ea90c183c321fdea7ca1aa219533a03c
f482761f04017dd32c99b4d115d025143be2b079
3004dbac445686d00ec50c75b1a04ddaf6671f51
ac5847374766281524ed2c4de7a8c26cf714cba3
c5bef77732810876334a5aa99663102771552d3d
22cd666b56f46f8e4a5fea3cb2f339a94b878867
4fe49ce68aa7fefa140fb153b33e585f12797877
2c00d035c9918414ff708df4b8f07d8862b59c35
7ec8611936e6d77a3c2145dfcff9d6b1f06a2e0d
9176ad05679b5855e5b933599c90fdbf8930262d
97294b8aed5ddf704e21471bb24eda997a81323a
95e5597ee46527d253f9f95b11eec97de142e499
c2e148524e9e74974d9a3d448feba43b93e25bf4
def26049dae47b998b732354503a13435683a9a1
01a01b30310b91115b31360837bf9fd2f69a37b5
f1760594b9b8680535b1bcff6351b2540a2ab061
d2c83945411767bc9254784550f39856429e8e76
d5a1b461a7c7dca7dedc7326b86acbd3eb8bfa6b
c4510390d68dc5ce836b0ceaf5fec6f925f2cbc3
8871a4442adbbe0d20c89ef4aa88bce29556f7ce
